<?xml version="1.0" encoding="UTF-8"?>
<!-- Generated by org.testng.reporters.JUnitReportReporter -->
<testsuite skipped="0" hostname="FAMINA" name="tests.ResultGenerator" tests="1" failures="0" timestamp="2020-01-16T22:42:24 IST" time="117.576" errors="0">
  <testcase name="addDataToCSV" time="117.576" classname="tests.ResultGenerator"/>
</testsuite> <!-- tests.ResultGenerator -->
